<?xml version="1.0" encoding="UTF-8"?>
<testng-results ignored="0" total="3" passed="3" failed="0" skipped="0">
  <reporter-output>
  </reporter-output>
  <suite started-at="2021-09-14T18:44:16 IST" name="Suite" finished-at="2021-09-14T18:45:12 IST" duration-ms="56126">
    <groups>
    </groups>
    <test started-at="2021-09-14T18:44:16 IST" name="FirefoxTest" finished-at="2021-09-14T18:45:05 IST" duration-ms="48346">
      <class name="testcases.testcases">
        <test-method is-config="true" signature="setUp(java.lang.String)[pri:0, instance:testcases.testcases@cad498c]" started-at="2021-09-14T18:44:16 IST" name="setUp" finished-at="2021-09-14T18:44:26 IST" duration-ms="9836" status="PASS">
          <params>
            <param index="0">
              <value>
                <![CDATA[firefox]]>
              </value>
            </param>
          </params>
          <reporter-output>
          </reporter-output>
        </test-method> <!-- setUp -->
        <test-method signature="Tc_001_Oneplus()[pri:0, instance:testcases.testcases@cad498c]" started-at="2021-09-14T18:44:26 IST" name="Tc_001_Oneplus" finished-at="2021-09-14T18:45:03 IST" duration-ms="36873" status="PASS">
          <reporter-output>
          </reporter-output>
        </test-method> <!-- Tc_001_Oneplus -->
        <test-method is-config="true" signature="tearDown()[pri:0, instance:testcases.testcases@cad498c]" started-at="2021-09-14T18:45:03 IST" name="tearDown" finished-at="2021-09-14T18:45:05 IST" duration-ms="1626" status="PASS">
          <reporter-output>
          </reporter-output>
        </test-method> <!-- tearDown -->
      </class> <!-- testcases.testcases -->
    </test> <!-- FirefoxTest -->
    <test started-at="2021-09-14T18:44:16 IST" name="ChromeTest" finished-at="2021-09-14T18:45:05 IST" duration-ms="49211">
      <class name="testcases.testcases">
        <test-method is-config="true" signature="setUp(java.lang.String)[pri:0, instance:testcases.testcases@62e7f11d]" started-at="2021-09-14T18:44:16 IST" name="setUp" finished-at="2021-09-14T18:44:25 IST" duration-ms="8558" status="PASS">
          <params>
            <param index="0">
              <value>
                <![CDATA[chrome]]>
              </value>
            </param>
          </params>
          <reporter-output>
          </reporter-output>
        </test-method> <!-- setUp -->
        <test-method signature="Tc_001_Oneplus()[pri:0, instance:testcases.testcases@62e7f11d]" started-at="2021-09-14T18:44:25 IST" name="Tc_001_Oneplus" finished-at="2021-09-14T18:45:04 IST" duration-ms="39123" status="PASS">
          <reporter-output>
          </reporter-output>
        </test-method> <!-- Tc_001_Oneplus -->
        <test-method is-config="true" signature="tearDown()[pri:0, instance:testcases.testcases@62e7f11d]" started-at="2021-09-14T18:45:04 IST" name="tearDown" finished-at="2021-09-14T18:45:05 IST" duration-ms="1506" status="PASS">
          <reporter-output>
          </reporter-output>
        </test-method> <!-- tearDown -->
      </class> <!-- testcases.testcases -->
    </test> <!-- ChromeTest -->
    <test started-at="2021-09-14T18:44:16 IST" name="EdgeTest" finished-at="2021-09-14T18:45:12 IST" duration-ms="56126">
      <class name="testcases.testcases">
        <test-method is-config="true" signature="setUp(java.lang.String)[pri:0, instance:testcases.testcases@6631f5ca]" started-at="2021-09-14T18:44:16 IST" name="setUp" finished-at="2021-09-14T18:44:30 IST" duration-ms="13814" status="PASS">
          <params>
            <param index="0">
              <value>
                <![CDATA[edge]]>
              </value>
            </param>
          </params>
          <reporter-output>
          </reporter-output>
        </test-method> <!-- setUp -->
        <test-method signature="Tc_001_Oneplus()[pri:0, instance:testcases.testcases@6631f5ca]" started-at="2021-09-14T18:44:30 IST" name="Tc_001_Oneplus" finished-at="2021-09-14T18:45:11 IST" duration-ms="40971" status="PASS">
          <reporter-output>
          </reporter-output>
        </test-method> <!-- Tc_001_Oneplus -->
        <test-method is-config="true" signature="tearDown()[pri:0, instance:testcases.testcases@6631f5ca]" started-at="2021-09-14T18:45:11 IST" name="tearDown" finished-at="2021-09-14T18:45:12 IST" duration-ms="1333" status="PASS">
          <reporter-output>
          </reporter-output>
        </test-method> <!-- tearDown -->
      </class> <!-- testcases.testcases -->
    </test> <!-- EdgeTest -->
  </suite> <!-- Suite -->
</testng-results>
