<?xml version="1.0" encoding="UTF-8"?>
<testng-results ignored="0" total="3" passed="3" failed="0" skipped="0">
  <reporter-output>
  </reporter-output>
  <suite started-at="2021-09-14T18:30:22 IST" name="Suite" finished-at="2021-09-14T18:32:14 IST" duration-ms="111697">
    <groups>
    </groups>
    <test started-at="2021-09-14T18:30:22 IST" name="FirefoxTest" finished-at="2021-09-14T18:31:14 IST" duration-ms="52300">
      <class name="testcases.testcases">
        <test-method is-config="true" signature="setUp(java.lang.String)[pri:0, instance:testcases.testcases@3059cbc]" started-at="2021-09-14T18:30:22 IST" name="setUp" finished-at="2021-09-14T18:30:35 IST" duration-ms="12613" status="PASS">
          <params>
            <param index="0">
              <value>
                <![CDATA[firefox]]>
              </value>
            </param>
          </params>
          <reporter-output>
          </reporter-output>
        </test-method> <!-- setUp -->
        <test-method signature="Tc_001_Oneplus()[pri:0, instance:testcases.testcases@3059cbc]" started-at="2021-09-14T18:30:35 IST" name="Tc_001_Oneplus" finished-at="2021-09-14T18:31:13 IST" duration-ms="38273" status="PASS">
          <reporter-output>
          </reporter-output>
        </test-method> <!-- Tc_001_Oneplus -->
        <test-method is-config="true" signature="tearDown()[pri:0, instance:testcases.testcases@3059cbc]" started-at="2021-09-14T18:31:13 IST" name="tearDown" finished-at="2021-09-14T18:31:14 IST" duration-ms="1402" status="PASS">
          <reporter-output>
          </reporter-output>
        </test-method> <!-- tearDown -->
      </class> <!-- testcases.testcases -->
    </test> <!-- FirefoxTest -->
    <test started-at="2021-09-14T18:30:22 IST" name="ChromeTest" finished-at="2021-09-14T18:31:22 IST" duration-ms="59675">
      <class name="testcases.testcases">
        <test-method is-config="true" signature="setUp(java.lang.String)[pri:0, instance:testcases.testcases@1e6454ec]" started-at="2021-09-14T18:30:22 IST" name="setUp" finished-at="2021-09-14T18:30:33 IST" duration-ms="10598" status="PASS">
          <params>
            <param index="0">
              <value>
                <![CDATA[chrome]]>
              </value>
            </param>
          </params>
          <reporter-output>
          </reporter-output>
        </test-method> <!-- setUp -->
        <test-method signature="Tc_001_Oneplus()[pri:0, instance:testcases.testcases@1e6454ec]" started-at="2021-09-14T18:30:33 IST" name="Tc_001_Oneplus" finished-at="2021-09-14T18:31:20 IST" duration-ms="47615" status="PASS">
          <reporter-output>
          </reporter-output>
        </test-method> <!-- Tc_001_Oneplus -->
        <test-method is-config="true" signature="tearDown()[pri:0, instance:testcases.testcases@1e6454ec]" started-at="2021-09-14T18:31:20 IST" name="tearDown" finished-at="2021-09-14T18:31:22 IST" duration-ms="1447" status="PASS">
          <reporter-output>
          </reporter-output>
        </test-method> <!-- tearDown -->
      </class> <!-- testcases.testcases -->
    </test> <!-- ChromeTest -->
    <test started-at="2021-09-14T18:31:14 IST" name="EdgeTest" finished-at="2021-09-14T18:32:14 IST" duration-ms="59363">
      <class name="testcases.testcases">
        <test-method is-config="true" signature="setUp(java.lang.String)[pri:0, instance:testcases.testcases@2b48a640]" started-at="2021-09-14T18:31:14 IST" name="setUp" finished-at="2021-09-14T18:31:29 IST" duration-ms="15106" status="PASS">
          <params>
            <param index="0">
              <value>
                <![CDATA[edge]]>
              </value>
            </param>
          </params>
          <reporter-output>
          </reporter-output>
        </test-method> <!-- setUp -->
        <test-method signature="Tc_001_Oneplus()[pri:0, instance:testcases.testcases@2b48a640]" started-at="2021-09-14T18:31:29 IST" name="Tc_001_Oneplus" finished-at="2021-09-14T18:32:12 IST" duration-ms="42990" status="PASS">
          <reporter-output>
          </reporter-output>
        </test-method> <!-- Tc_001_Oneplus -->
        <test-method is-config="true" signature="tearDown()[pri:0, instance:testcases.testcases@2b48a640]" started-at="2021-09-14T18:32:12 IST" name="tearDown" finished-at="2021-09-14T18:32:14 IST" duration-ms="1264" status="PASS">
          <reporter-output>
          </reporter-output>
        </test-method> <!-- tearDown -->
      </class> <!-- testcases.testcases -->
    </test> <!-- EdgeTest -->
  </suite> <!-- Suite -->
</testng-results>
