<?xml version="1.0" encoding="UTF-8"?>
<!-- Generated by org.testng.reporters.JUnitXMLReporter -->
<testsuite ignored="0" hostname="LAPTOP-6MS1Q367" failures="1" tests="1" name="Test" time="23.965" errors="0" timestamp="2021-09-14T17:55:11 IST">
  <testcase classname="testcases.testcases" name="Tc_001_Oneplus" time="21.04">
    <failure type="java.lang.IndexOutOfBoundsException" message="Index 24 out of bounds for length 24">
      <![CDATA[java.lang.IndexOutOfBoundsException: Index 24 out of bounds for length 24
at java.base/jdk.internal.util.Preconditions.outOfBounds(Preconditions.java:64)
at java.base/jdk.internal.util.Preconditions.outOfBoundsCheckIndex(Preconditions.java:70)
at java.base/jdk.internal.util.Preconditions.checkIndex(Preconditions.java:248)
at java.base/java.util.Objects.checkIndex(Objects.java:372)
at java.base/java.util.ArrayList.get(ArrayList.java:459)
at pages.onePlusPage.results(onePlusPage.java:71)
at testcases.testcases.Tc_001_Oneplus(testcases.java:34)
at java.base/java.util.ArrayList.forEach(ArrayList.java:1541)
... Removed 27 stack frames]]>
    </failure>
  </testcase> <!-- Tc_001_Oneplus -->
</testsuite> <!-- Test -->
